c:\users\932343\onedrive - hull.ac.uk\desktop\directxgameengine\directxgame_tut48 2\directxgame\x64\debug\component.obj
c:\users\932343\onedrive - hull.ac.uk\desktop\directxgameengine\directxgame_tut48 2\directxgame\x64\debug\swapchain.obj
c:\users\932343\onedrive - hull.ac.uk\desktop\directxgameengine\directxgame_tut48 2\directxgame\x64\debug\gameitem.obj
c:\users\932343\onedrive - hull.ac.uk\desktop\directxgameengine\directxgame_tut48 2\directxgame\x64\debug\hud.obj
c:\users\932343\onedrive - hull.ac.uk\desktop\directxgameengine\directxgame_tut48 2\directxgame\x64\debug\imgui_draw.obj
c:\users\932343\onedrive - hull.ac.uk\desktop\directxgameengine\directxgame_tut48 2\directxgame\x64\debug\graphicsengine.obj
c:\users\932343\onedrive - hull.ac.uk\desktop\directxgameengine\directxgame_tut48 2\directxgame\x64\debug\world.obj
c:\users\932343\onedrive - hull.ac.uk\desktop\directxgameengine\directxgame_tut48 2\directxgame\x64\debug\imagecomponent.obj
c:\users\932343\onedrive - hull.ac.uk\desktop\directxgameengine\directxgame_tut48 2\directxgame\x64\debug\imgui_impl_dx11.obj
c:\users\932343\onedrive - hull.ac.uk\desktop\directxgameengine\directxgame_tut48 2\directxgame\x64\debug\rendersystem.obj
c:\users\932343\onedrive - hull.ac.uk\desktop\directxgameengine\directxgame_tut48 2\directxgame\x64\debug\main.obj
c:\users\932343\onedrive - hull.ac.uk\desktop\directxgameengine\directxgame_tut48 2\directxgame\x64\debug\winscreen.obj
c:\users\932343\onedrive - hull.ac.uk\desktop\directxgameengine\directxgame_tut48 2\directxgame\x64\debug\platform.obj
c:\users\932343\onedrive - hull.ac.uk\desktop\directxgameengine\directxgame_tut48 2\directxgame\x64\debug\resource.obj
c:\users\932343\onedrive - hull.ac.uk\desktop\directxgameengine\directxgame_tut48 2\directxgame\x64\debug\font2d.obj
c:\users\932343\onedrive - hull.ac.uk\desktop\directxgameengine\directxgame_tut48 2\directxgame\x64\debug\mainmenu.obj
c:\users\932343\onedrive - hull.ac.uk\desktop\directxgameengine\directxgame_tut48 2\directxgame\x64\debug\spherecollidercomponent.obj
c:\users\932343\onedrive - hull.ac.uk\desktop\directxgameengine\directxgame_tut48 2\directxgame\x64\debug\texture2d.obj
c:\users\932343\onedrive - hull.ac.uk\desktop\directxgameengine\directxgame_tut48 2\directxgame\x64\debug\maingame.obj
c:\users\932343\onedrive - hull.ac.uk\desktop\directxgameengine\directxgame_tut48 2\directxgame\x64\debug\level.obj
c:\users\932343\onedrive - hull.ac.uk\desktop\directxgameengine\directxgame_tut48 2\directxgame\x64\debug\gameoverscreen.obj
c:\users\932343\onedrive - hull.ac.uk\desktop\directxgameengine\directxgame_tut48 2\directxgame\x64\debug\material.obj
c:\users\932343\onedrive - hull.ac.uk\desktop\directxgameengine\directxgame_tut48 2\directxgame\x64\debug\spaceship.obj
c:\users\932343\onedrive - hull.ac.uk\desktop\directxgameengine\directxgame_tut48 2\directxgame\x64\debug\lookdirectioncircle.obj
c:\users\932343\onedrive - hull.ac.uk\desktop\directxgameengine\directxgame_tut48 2\directxgame\x64\debug\mesh.obj
c:\users\932343\onedrive - hull.ac.uk\desktop\directxgameengine\directxgame_tut48 2\directxgame\x64\debug\constantbuffer.obj
c:\users\932343\onedrive - hull.ac.uk\desktop\directxgameengine\directxgame_tut48 2\directxgame\x64\debug\window.obj
c:\users\932343\onedrive - hull.ac.uk\desktop\directxgameengine\directxgame_tut48 2\directxgame\x64\debug\lightcomponent.obj
c:\users\932343\onedrive - hull.ac.uk\desktop\directxgameengine\directxgame_tut48 2\directxgame\x64\debug\infoitem.obj
c:\users\932343\onedrive - hull.ac.uk\desktop\directxgameengine\directxgame_tut48 2\directxgame\x64\debug\imgui_tables.obj
c:\users\932343\onedrive - hull.ac.uk\desktop\directxgameengine\directxgame_tut48 2\directxgame\x64\debug\game.obj
c:\users\932343\onedrive - hull.ac.uk\desktop\directxgameengine\directxgame_tut48 2\directxgame\x64\debug\physicsengine.obj
c:\users\932343\onedrive - hull.ac.uk\desktop\directxgameengine\directxgame_tut48 2\directxgame\x64\debug\imgui.obj
c:\users\932343\onedrive - hull.ac.uk\desktop\directxgameengine\directxgame_tut48 2\directxgame\x64\debug\vertexshader.obj
c:\users\932343\onedrive - hull.ac.uk\desktop\directxgameengine\directxgame_tut48 2\directxgame\x64\debug\watercomponent.obj
c:\users\932343\onedrive - hull.ac.uk\desktop\directxgameengine\directxgame_tut48 2\directxgame\x64\debug\display.obj
c:\users\932343\onedrive - hull.ac.uk\desktop\directxgameengine\directxgame_tut48 2\directxgame\x64\debug\entity.obj
c:\users\932343\onedrive - hull.ac.uk\desktop\directxgameengine\directxgame_tut48 2\directxgame\x64\debug\meshcomponent.obj
c:\users\932343\onedrive - hull.ac.uk\desktop\directxgameengine\directxgame_tut48 2\directxgame\x64\debug\playercontrollercomponent.obj
c:\users\932343\onedrive - hull.ac.uk\desktop\directxgameengine\directxgame_tut48 2\directxgame\x64\debug\asteroiditem.obj
c:\users\932343\onedrive - hull.ac.uk\desktop\directxgameengine\directxgame_tut48 2\directxgame\x64\debug\resourcemanager.obj
c:\users\932343\onedrive - hull.ac.uk\desktop\directxgameengine\directxgame_tut48 2\directxgame\x64\debug\boxitem.obj
c:\users\932343\onedrive - hull.ac.uk\desktop\directxgameengine\directxgame_tut48 2\directxgame\x64\debug\win32game.obj
c:\users\932343\onedrive - hull.ac.uk\desktop\directxgameengine\directxgame_tut48 2\directxgame\x64\debug\inputsystem.obj
c:\users\932343\onedrive - hull.ac.uk\desktop\directxgameengine\directxgame_tut48 2\directxgame\x64\debug\font.obj
c:\users\932343\onedrive - hull.ac.uk\desktop\directxgameengine\directxgame_tut48 2\directxgame\x64\debug\imgui_impl_win32.obj
c:\users\932343\onedrive - hull.ac.uk\desktop\directxgameengine\directxgame_tut48 2\directxgame\x64\debug\pixelshader.obj
c:\users\932343\onedrive - hull.ac.uk\desktop\directxgameengine\directxgame_tut48 2\directxgame\x64\debug\transformcomponent.obj
c:\users\932343\onedrive - hull.ac.uk\desktop\directxgameengine\directxgame_tut48 2\directxgame\x64\debug\textcomponent.obj
c:\users\932343\onedrive - hull.ac.uk\desktop\directxgameengine\directxgame_tut48 2\directxgame\x64\debug\imgui_widgets.obj
c:\users\932343\onedrive - hull.ac.uk\desktop\directxgameengine\directxgame_tut48 2\directxgame\x64\debug\indexbuffer.obj
c:\users\932343\onedrive - hull.ac.uk\desktop\directxgameengine\directxgame_tut48 2\directxgame\x64\debug\fogcomponent.obj
c:\users\932343\onedrive - hull.ac.uk\desktop\directxgameengine\directxgame_tut48 2\directxgame\x64\debug\terraincomponent.obj
c:\users\932343\onedrive - hull.ac.uk\desktop\directxgameengine\directxgame_tut48 2\directxgame\x64\debug\cameracomponent.obj
c:\users\932343\onedrive - hull.ac.uk\desktop\directxgameengine\directxgame_tut48 2\directxgame\x64\debug\vertexbuffer.obj
c:\users\932343\onedrive - hull.ac.uk\desktop\directxgameengine\directxgame_tut48 2\directxgame\x64\debug\texture.obj
c:\users\932343\onedrive - hull.ac.uk\desktop\directxgameengine\directxgame_tut48 2\directxgame\x64\debug\vc143.idb
c:\users\932343\onedrive - hull.ac.uk\desktop\directxgameengine\directxgame_tut48 2\directxgame\x64\debug\vc143.pdb
c:\users\932343\onedrive - hull.ac.uk\desktop\directxgameengine\directxgame_tut48 2\directxgame\x64\debug\directxgame.tlog\cl.command.1.tlog
c:\users\932343\onedrive - hull.ac.uk\desktop\directxgameengine\directxgame_tut48 2\directxgame\x64\debug\directxgame.tlog\cl.read.1.tlog
c:\users\932343\onedrive - hull.ac.uk\desktop\directxgameengine\directxgame_tut48 2\directxgame\x64\debug\directxgame.tlog\cl.write.1.tlog
